

============================== 2023-04-18 09:49:34.342365 | 3945c3f6-9f77-483e-a2af-6b459b947ed4 ==============================
[0m09:49:34.342365 [info ] [MainThread]: Running with dbt=1.4.5
[0m09:49:34.344369 [debug] [MainThread]: running dbt with arguments {'write_json': True, 'use_colors': True, 'printer_width': 80, 'version_check': True, 'partial_parse': True, 'static_parser': True, 'profiles_dir': 'C:\\Users\\apan\\.dbt', 'send_anonymous_usage_stats': True, 'quiet': False, 'no_print': False, 'cache_selected_only': False, 'project_name': 'demo_project', 'skip_profile_setup': False, 'which': 'init', 'indirect_selection': 'eager'}
[0m09:49:34.345372 [debug] [MainThread]: Tracking: tracking
[0m09:49:34.391367 [debug] [MainThread]: Sending event: {'category': 'dbt', 'action': 'invocation', 'label': 'start', 'context': [<snowplow_tracker.self_describing_json.SelfDescribingJson object at 0x000001C3A79E1090>, <snowplow_tracker.self_describing_json.SelfDescribingJson object at 0x000001C3A79E3CA0>, <snowplow_tracker.self_describing_json.SelfDescribingJson object at 0x000001C3A79E20E0>]}
[0m09:49:34.394373 [debug] [MainThread]: Starter project path: C:\Users\apan\AppData\Roaming\Python\Python310\site-packages\dbt\include\starter_project
[0m09:50:38.938631 [info ] [MainThread]: Profile demo_project written to C:\Users\apan\.dbt\profiles.yml using target's profile_template.yml and your supplied values. Run 'dbt debug' to validate the connection.
[0m09:50:38.939640 [info ] [MainThread]: 
Your new dbt project "demo_project" was created!

For more information on how to configure the profiles.yml file,
please consult the dbt documentation here:

  https://docs.getdbt.com/docs/configure-your-profile

One more thing:

Need help? Don't hesitate to reach out to us via GitHub issues or on Slack:

  https://community.getdbt.com/

Happy modeling!

[0m09:50:38.941638 [debug] [MainThread]: Sending event: {'category': 'dbt', 'action': 'invocation', 'label': 'end', 'context': [<snowplow_tracker.self_describing_json.SelfDescribingJson object at 0x000001C3A79E3AF0>, <snowplow_tracker.self_describing_json.SelfDescribingJson object at 0x000001C3A79E3A90>, <snowplow_tracker.self_describing_json.SelfDescribingJson object at 0x000001C3A79E3970>]}
[0m09:50:38.942632 [debug] [MainThread]: Flushing usage events
[0m09:50:39.400645 [debug] [MainThread]: Error sending anonymous usage statistics. Disabling tracking for this execution. If you wish to permanently disable tracking, see: https://docs.getdbt.com/reference/global-configs#send-anonymous-usage-stats.


============================== 2023-04-18 09:52:03.450863 | 4906e9d6-d572-468d-b47b-5b391d623907 ==============================
[0m09:52:03.450863 [info ] [MainThread]: Running with dbt=1.4.5
[0m09:52:03.453865 [debug] [MainThread]: running dbt with arguments {'write_json': True, 'use_colors': True, 'printer_width': 80, 'version_check': True, 'partial_parse': True, 'static_parser': True, 'profiles_dir': 'C:\\Users\\apan\\.dbt', 'send_anonymous_usage_stats': True, 'quiet': False, 'no_print': False, 'cache_selected_only': False, 'config_dir': False, 'which': 'debug', 'indirect_selection': 'eager'}
[0m09:52:03.453865 [debug] [MainThread]: Tracking: tracking
[0m09:52:03.501860 [debug] [MainThread]: Sending event: {'category': 'dbt', 'action': 'invocation', 'label': 'start', 'context': [<snowplow_tracker.self_describing_json.SelfDescribingJson object at 0x000001B333300130>, <snowplow_tracker.self_describing_json.SelfDescribingJson object at 0x000001B333303E80>, <snowplow_tracker.self_describing_json.SelfDescribingJson object at 0x000001B333303490>]}
[0m09:52:04.316883 [debug] [MainThread]: Executing "git --help"
[0m09:52:04.385882 [debug] [MainThread]: STDOUT: "b"usage: git [-v | --version] [-h | --help] [-C <path>] [-c <name>=<value>]\n           [--exec-path[=<path>]] [--html-path] [--man-path] [--info-path]\n           [-p | --paginate | -P | --no-pager] [--no-replace-objects] [--bare]\n           [--git-dir=<path>] [--work-tree=<path>] [--namespace=<name>]\n           [--config-env=<name>=<envvar>] <command> [<args>]\n\nThese are common Git commands used in various situations:\n\nstart a working area (see also: git help tutorial)\n   clone     Clone a repository into a new directory\n   init      Create an empty Git repository or reinitialize an existing one\n\nwork on the current change (see also: git help everyday)\n   add       Add file contents to the index\n   mv        Move or rename a file, a directory, or a symlink\n   restore   Restore working tree files\n   rm        Remove files from the working tree and from the index\n\nexamine the history and state (see also: git help revisions)\n   bisect    Use binary search to find the commit that introduced a bug\n   diff      Show changes between commits, commit and working tree, etc\n   grep      Print lines matching a pattern\n   log       Show commit logs\n   show      Show various types of objects\n   status    Show the working tree status\n\ngrow, mark and tweak your common history\n   branch    List, create, or delete branches\n   commit    Record changes to the repository\n   merge     Join two or more development histories together\n   rebase    Reapply commits on top of another base tip\n   reset     Reset current HEAD to the specified state\n   switch    Switch branches\n   tag       Create, list, delete or verify a tag object signed with GPG\n\ncollaborate (see also: git help workflows)\n   fetch     Download objects and refs from another repository\n   pull      Fetch from and integrate with another repository or a local branch\n   push      Update remote refs along with associated objects\n\n'git help -a' and 'git help -g' list available subcommands and some\nconcept guides. See 'git help <command>' or 'git help <concept>'\nto read about a specific subcommand or concept.\nSee 'git help git' for an overview of the system.\n""
[0m09:52:04.386875 [debug] [MainThread]: STDERR: "b''"
[0m09:52:04.394878 [debug] [MainThread]: Sending event: {'category': 'dbt', 'action': 'invocation', 'label': 'end', 'context': [<snowplow_tracker.self_describing_json.SelfDescribingJson object at 0x000001B333302800>, <snowplow_tracker.self_describing_json.SelfDescribingJson object at 0x000001B34AAA1180>, <snowplow_tracker.self_describing_json.SelfDescribingJson object at 0x000001B34AAA3F40>]}
[0m09:52:04.395873 [debug] [MainThread]: Flushing usage events
[0m09:52:04.841887 [debug] [MainThread]: Error sending anonymous usage statistics. Disabling tracking for this execution. If you wish to permanently disable tracking, see: https://docs.getdbt.com/reference/global-configs#send-anonymous-usage-stats.
[0m18:11:29.380884 [debug] [MainThread]: Sending event: {'category': 'dbt', 'action': 'invocation', 'label': 'start', 'context': [<snowplow_tracker.self_describing_json.SelfDescribingJson object at 0x000001B358E08DD0>, <snowplow_tracker.self_describing_json.SelfDescribingJson object at 0x000001B358D33AD0>, <snowplow_tracker.self_describing_json.SelfDescribingJson object at 0x000001B358DE0E50>]}


============================== 18:11:29.400886 | a6581b8a-838c-4cd1-81c6-771d51bcf0bd ==============================
[0m18:11:29.400886 [info ] [MainThread]: Running with dbt=1.5.1
[0m18:11:29.401885 [debug] [MainThread]: running dbt with arguments {'printer_width': '80', 'indirect_selection': 'eager', 'write_json': 'True', 'log_cache_events': 'False', 'partial_parse': 'True', 'cache_selected_only': 'False', 'profiles_dir': 'C:\\Users\\LD429JF\\.dbt', 'fail_fast': 'False', 'debug': 'False', 'log_path': 'logs', 'version_check': 'True', 'warn_error': 'None', 'use_colors': 'True', 'use_experimental_parser': 'False', 'no_print': 'None', 'quiet': 'False', 'log_format': 'default', 'introspect': 'True', 'static_parser': 'True', 'warn_error_options': 'WarnErrorOptions(include=[], exclude=[])', 'target_path': 'None', 'send_anonymous_usage_stats': 'True'}
[0m18:11:29.402886 [info ] [MainThread]: dbt version: 1.5.1
[0m18:11:29.403886 [info ] [MainThread]: python version: 3.11.3
[0m18:11:29.405886 [info ] [MainThread]: python path: C:\Users\LD429JF\AppData\Local\Microsoft\WindowsApps\PythonSoftwareFoundation.Python.3.11_qbz5n2kfra8p0\python.exe
[0m18:11:29.406886 [info ] [MainThread]: os info: Windows-10-10.0.19044-SP0
[0m18:11:29.407886 [info ] [MainThread]: Using profiles.yml file at C:\Users\LD429JF\.dbt\profiles.yml
[0m18:11:29.408886 [info ] [MainThread]: Using dbt_project.yml file at C:\Users\LD429JF\dbt_repo\dbt_project.yml
[0m18:11:29.410895 [info ] [MainThread]: Configuration:
[0m18:11:29.412885 [info ] [MainThread]:   profiles.yml file [[31mERROR not found[0m]
[0m18:11:29.413885 [info ] [MainThread]:   dbt_project.yml file [[31mERROR not found[0m]
[0m18:11:29.415886 [info ] [MainThread]: Required dependencies:
[0m18:11:29.416886 [debug] [MainThread]: Executing "git --help"
[0m18:11:29.936761 [debug] [MainThread]: STDOUT: "b"usage: git [-v | --version] [-h | --help] [-C <path>] [-c <name>=<value>]\n           [--exec-path[=<path>]] [--html-path] [--man-path] [--info-path]\n           [-p | --paginate | -P | --no-pager] [--no-replace-objects] [--bare]\n           [--git-dir=<path>] [--work-tree=<path>] [--namespace=<name>]\n           [--config-env=<name>=<envvar>] <command> [<args>]\n\nThese are common Git commands used in various situations:\n\nstart a working area (see also: git help tutorial)\n   clone     Clone a repository into a new directory\n   init      Create an empty Git repository or reinitialize an existing one\n\nwork on the current change (see also: git help everyday)\n   add       Add file contents to the index\n   mv        Move or rename a file, a directory, or a symlink\n   restore   Restore working tree files\n   rm        Remove files from the working tree and from the index\n\nexamine the history and state (see also: git help revisions)\n   bisect    Use binary search to find the commit that introduced a bug\n   diff      Show changes between commits, commit and working tree, etc\n   grep      Print lines matching a pattern\n   log       Show commit logs\n   show      Show various types of objects\n   status    Show the working tree status\n\ngrow, mark and tweak your common history\n   branch    List, create, or delete branches\n   commit    Record changes to the repository\n   merge     Join two or more development histories together\n   rebase    Reapply commits on top of another base tip\n   reset     Reset current HEAD to the specified state\n   switch    Switch branches\n   tag       Create, list, delete or verify a tag object signed with GPG\n\ncollaborate (see also: git help workflows)\n   fetch     Download objects and refs from another repository\n   pull      Fetch from and integrate with another repository or a local branch\n   push      Update remote refs along with associated objects\n\n'git help -a' and 'git help -g' list available subcommands and some\nconcept guides. See 'git help <command>' or 'git help <concept>'\nto read about a specific subcommand or concept.\nSee 'git help git' for an overview of the system.\n""
[0m18:11:29.937766 [debug] [MainThread]: STDERR: "b''"
[0m18:11:29.937766 [info ] [MainThread]:  - git [[32mOK found[0m]

[0m18:11:29.939764 [info ] [MainThread]: [31m1 check failed:[0m
[0m18:11:29.941764 [info ] [MainThread]: dbt looked for a profiles.yml file in C:\Users\LD429JF\.dbt\profiles.yml, but did
not find one. For more information on configuring your profile, consult the
documentation:

https://docs.getdbt.com/docs/configure-your-profile


[0m18:11:29.948772 [debug] [MainThread]: Command `dbt debug` failed at 18:11:29.948772 after 0.72 seconds
[0m18:11:29.949768 [debug] [MainThread]: Sending event: {'category': 'dbt', 'action': 'invocation', 'label': 'end', 'context': [<snowplow_tracker.self_describing_json.SelfDescribingJson object at 0x000001B3589D0110>, <snowplow_tracker.self_describing_json.SelfDescribingJson object at 0x000001B35895F590>, <snowplow_tracker.self_describing_json.SelfDescribingJson object at 0x000001B358DF7690>]}
[0m18:11:29.950764 [debug] [MainThread]: Flushing usage events
