[0m18:11:52.539972 [debug] [MainThread]: Sending event: {'category': 'dbt', 'action': 'invocation', 'label': 'start', 'context': [<snowplow_tracker.self_describing_json.SelfDescribingJson object at 0x00000217F07C3A90>, <snowplow_tracker.self_describing_json.SelfDescribingJson object at 0x00000217F161FD10>, <snowplow_tracker.self_describing_json.SelfDescribingJson object at 0x00000217F07D5050>]}


============================== 18:11:52.555996 | 772bf8c8-776b-4cdb-bef9-ce7ea76eda7c ==============================
[0m18:11:52.555996 [info ] [MainThread]: Running with dbt=1.5.1
[0m18:11:52.557912 [debug] [MainThread]: running dbt with arguments {'printer_width': '80', 'indirect_selection': 'eager', 'log_cache_events': 'False', 'write_json': 'True', 'partial_parse': 'True', 'cache_selected_only': 'False', 'warn_error': 'None', 'fail_fast': 'False', 'version_check': 'True', 'log_path': 'logs', 'debug': 'False', 'profiles_dir': 'C:\\Users\\LD429JF\\.dbt', 'use_colors': 'True', 'use_experimental_parser': 'False', 'no_print': 'None', 'quiet': 'False', 'warn_error_options': 'WarnErrorOptions(include=[], exclude=[])', 'static_parser': 'True', 'log_format': 'default', 'introspect': 'True', 'target_path': 'None', 'send_anonymous_usage_stats': 'True'}
[0m18:11:52.559914 [info ] [MainThread]: dbt version: 1.5.1
[0m18:11:52.560913 [info ] [MainThread]: python version: 3.11.3
[0m18:11:52.561912 [info ] [MainThread]: python path: C:\Users\LD429JF\AppData\Local\Microsoft\WindowsApps\PythonSoftwareFoundation.Python.3.11_qbz5n2kfra8p0\python.exe
[0m18:11:52.563913 [info ] [MainThread]: os info: Windows-10-10.0.19044-SP0
[0m18:11:52.564914 [info ] [MainThread]: Using profiles.yml file at C:\Users\LD429JF\.dbt\profiles.yml
[0m18:11:52.567032 [info ] [MainThread]: Using dbt_project.yml file at C:\Users\LD429JF\dbt_repo\demo_project\dbt_project.yml
[0m18:11:52.568028 [info ] [MainThread]: Configuration:
[0m18:11:52.570028 [info ] [MainThread]:   profiles.yml file [[31mERROR not found[0m]
[0m18:11:52.571032 [info ] [MainThread]:   dbt_project.yml file [[31mERROR not found[0m]
[0m18:11:52.573028 [info ] [MainThread]: Required dependencies:
[0m18:11:52.574027 [debug] [MainThread]: Executing "git --help"
[0m18:11:53.089845 [debug] [MainThread]: STDOUT: "b"usage: git [-v | --version] [-h | --help] [-C <path>] [-c <name>=<value>]\n           [--exec-path[=<path>]] [--html-path] [--man-path] [--info-path]\n           [-p | --paginate | -P | --no-pager] [--no-replace-objects] [--bare]\n           [--git-dir=<path>] [--work-tree=<path>] [--namespace=<name>]\n           [--config-env=<name>=<envvar>] <command> [<args>]\n\nThese are common Git commands used in various situations:\n\nstart a working area (see also: git help tutorial)\n   clone     Clone a repository into a new directory\n   init      Create an empty Git repository or reinitialize an existing one\n\nwork on the current change (see also: git help everyday)\n   add       Add file contents to the index\n   mv        Move or rename a file, a directory, or a symlink\n   restore   Restore working tree files\n   rm        Remove files from the working tree and from the index\n\nexamine the history and state (see also: git help revisions)\n   bisect    Use binary search to find the commit that introduced a bug\n   diff      Show changes between commits, commit and working tree, etc\n   grep      Print lines matching a pattern\n   log       Show commit logs\n   show      Show various types of objects\n   status    Show the working tree status\n\ngrow, mark and tweak your common history\n   branch    List, create, or delete branches\n   commit    Record changes to the repository\n   merge     Join two or more development histories together\n   rebase    Reapply commits on top of another base tip\n   reset     Reset current HEAD to the specified state\n   switch    Switch branches\n   tag       Create, list, delete or verify a tag object signed with GPG\n\ncollaborate (see also: git help workflows)\n   fetch     Download objects and refs from another repository\n   pull      Fetch from and integrate with another repository or a local branch\n   push      Update remote refs along with associated objects\n\n'git help -a' and 'git help -g' list available subcommands and some\nconcept guides. See 'git help <command>' or 'git help <concept>'\nto read about a specific subcommand or concept.\nSee 'git help git' for an overview of the system.\n""
[0m18:11:53.090847 [debug] [MainThread]: STDERR: "b''"
[0m18:11:53.091847 [info ] [MainThread]:  - git [[32mOK found[0m]

[0m18:11:53.092842 [info ] [MainThread]: [31m1 check failed:[0m
[0m18:11:53.093845 [info ] [MainThread]: dbt looked for a profiles.yml file in C:\Users\LD429JF\.dbt\profiles.yml, but did
not find one. For more information on configuring your profile, consult the
documentation:

https://docs.getdbt.com/docs/configure-your-profile


[0m18:11:53.097846 [debug] [MainThread]: Command `dbt debug` failed at 18:11:53.097846 after 0.72 seconds
[0m18:11:53.098848 [debug] [MainThread]: Sending event: {'category': 'dbt', 'action': 'invocation', 'label': 'end', 'context': [<snowplow_tracker.self_describing_json.SelfDescribingJson object at 0x00000217ED7E7A10>, <snowplow_tracker.self_describing_json.SelfDescribingJson object at 0x00000217F10FF7D0>, <snowplow_tracker.self_describing_json.SelfDescribingJson object at 0x00000217F0ABFCD0>]}
[0m18:11:53.100853 [debug] [MainThread]: Flushing usage events
